  [1m[35m (4.5ms)[0m  [1m[35mCREATE TABLE "schema_migrations" ("version" character varying PRIMARY KEY)[0m
  [1m[35m (3.5ms)[0m  [1m[35mCREATE TABLE "ar_internal_metadata" ("key" character varying PRIMARY KEY, "value" character varying, "created_at" timestamp NOT NULL, "updated_at" timestamp NOT NULL)[0m
  [1m[35m (0.3ms)[0m  [1m[34mSELECT pg_try_advisory_lock(6653011536302990460);[0m
  [1m[36mActiveRecord::SchemaMigration Load (0.4ms)[0m  [1m[34mSELECT "schema_migrations".* FROM "schema_migrations"[0m
Migrating to CreateContacts (20170416100531)
  [1m[35m (0.1ms)[0m  [1m[35mBEGIN[0m
  [1m[35m (3.5ms)[0m  [1m[35mCREATE TABLE "contacts" ("id" serial primary key, "first_name" character varying, "last_name" character varying, "email" character varying, "created_at" timestamp NOT NULL, "updated_at" timestamp NOT NULL)[0m
  [1m[35mSQL (0.5ms)[0m  [1m[32mINSERT INTO "schema_migrations" ("version") VALUES ($1) RETURNING "version"[0m  [["version", "20170416100531"]]
  [1m[35m (0.4ms)[0m  [1m[35mCOMMIT[0m
  [1m[36mActiveRecord::InternalMetadata Load (0.3ms)[0m  [1m[34mSELECT  "ar_internal_metadata".* FROM "ar_internal_metadata" WHERE "ar_internal_metadata"."key" = $1 LIMIT $2[0m  [["key", :environment], ["LIMIT", 1]]
  [1m[35m (0.2ms)[0m  [1m[35mBEGIN[0m
  [1m[35mSQL (0.4ms)[0m  [1m[32mINSERT INTO "ar_internal_metadata" ("key", "value", "created_at", "updated_at") VALUES ($1, $2, $3, $4) RETURNING "key"[0m  [["key", "environment"], ["value", "development"], ["created_at", 2017-04-16 10:06:56 UTC], ["updated_at", 2017-04-16 10:06:56 UTC]]
  [1m[35m (0.3ms)[0m  [1m[35mCOMMIT[0m
  [1m[35m (0.2ms)[0m  [1m[34mSELECT pg_advisory_unlock(6653011536302990460)[0m
  [1m[36mActiveRecord::SchemaMigration Load (0.4ms)[0m  [1m[34mSELECT "schema_migrations".* FROM "schema_migrations"[0m
  [1m[36mActiveRecord::SchemaMigration Load (0.5ms)[0m  [1m[34mSELECT "schema_migrations".* FROM "schema_migrations"[0m
  [1m[35m (0.3ms)[0m  [1m[34mSELECT "ar_internal_metadata"."value" FROM "ar_internal_metadata" WHERE "ar_internal_metadata"."key" = $1[0m  [["key", :environment]]
  [1m[36mActiveRecord::SchemaMigration Load (0.2ms)[0m  [1m[34mSELECT "schema_migrations".* FROM "schema_migrations"[0m
  [1m[35m (0.1ms)[0m  [1m[34mSELECT "ar_internal_metadata"."value" FROM "ar_internal_metadata" WHERE "ar_internal_metadata"."key" = $1[0m  [["key", :environment]]
  [1m[36mActiveRecord::SchemaMigration Load (0.1ms)[0m  [1m[34mSELECT "schema_migrations".* FROM "schema_migrations"[0m
  [1m[35m (0.2ms)[0m  [1m[34mSELECT "ar_internal_metadata"."value" FROM "ar_internal_metadata" WHERE "ar_internal_metadata"."key" = $1[0m  [["key", :environment]]
  [1m[35m (126.1ms)[0m  [1m[35mDROP DATABASE IF EXISTS "invoiced_development"[0m
  [1m[35m (122.3ms)[0m  [1m[35mDROP DATABASE IF EXISTS "invoiced_test"[0m
  [1m[35m (13.9ms)[0m  [1m[35mCREATE TABLE "schema_migrations" ("version" character varying PRIMARY KEY)[0m
  [1m[35m (2.3ms)[0m  [1m[35mCREATE TABLE "ar_internal_metadata" ("key" character varying PRIMARY KEY, "value" character varying, "created_at" timestamp NOT NULL, "updated_at" timestamp NOT NULL)[0m
  [1m[35m (0.5ms)[0m  [1m[34mSELECT pg_try_advisory_lock(6653011536302990460);[0m
  [1m[36mActiveRecord::SchemaMigration Load (0.4ms)[0m  [1m[34mSELECT "schema_migrations".* FROM "schema_migrations"[0m
Migrating to CreateContacts (20170416100531)
  [1m[35m (0.1ms)[0m  [1m[35mBEGIN[0m
  [1m[35m (5.1ms)[0m  [1m[35mCREATE TABLE "contacts" ("id" serial primary key, "first_name" character varying, "last_name" character varying, "email" character varying, "created_at" timestamp NOT NULL, "updated_at" timestamp NOT NULL)[0m
  [1m[35mSQL (0.4ms)[0m  [1m[32mINSERT INTO "schema_migrations" ("version") VALUES ($1) RETURNING "version"[0m  [["version", "20170416100531"]]
  [1m[35m (0.3ms)[0m  [1m[35mCOMMIT[0m
  [1m[36mActiveRecord::InternalMetadata Load (0.6ms)[0m  [1m[34mSELECT  "ar_internal_metadata".* FROM "ar_internal_metadata" WHERE "ar_internal_metadata"."key" = $1 LIMIT $2[0m  [["key", :environment], ["LIMIT", 1]]
  [1m[35m (0.2ms)[0m  [1m[35mBEGIN[0m
  [1m[35mSQL (0.4ms)[0m  [1m[32mINSERT INTO "ar_internal_metadata" ("key", "value", "created_at", "updated_at") VALUES ($1, $2, $3, $4) RETURNING "key"[0m  [["key", "environment"], ["value", "development"], ["created_at", 2017-04-16 10:15:08 UTC], ["updated_at", 2017-04-16 10:15:08 UTC]]
  [1m[35m (0.3ms)[0m  [1m[35mCOMMIT[0m
  [1m[35m (0.2ms)[0m  [1m[34mSELECT pg_advisory_unlock(6653011536302990460)[0m
  [1m[36mActiveRecord::SchemaMigration Load (0.2ms)[0m  [1m[34mSELECT "schema_migrations".* FROM "schema_migrations"[0m
Started GET "/v1/contacts" for ::1 at 2017-04-16 17:18:24 +0700
  [1m[36mActiveRecord::SchemaMigration Load (0.5ms)[0m  [1m[34mSELECT "schema_migrations".* FROM "schema_migrations"[0m
  
ActionController::RoutingError (No route matches [GET] "/v1/contacts"):
  
actionpack (5.0.2) lib/action_dispatch/middleware/debug_exceptions.rb:53:in `call'
actionpack (5.0.2) lib/action_dispatch/middleware/show_exceptions.rb:31:in `call'
railties (5.0.2) lib/rails/rack/logger.rb:36:in `call_app'
railties (5.0.2) lib/rails/rack/logger.rb:24:in `block in call'
activesupport (5.0.2) lib/active_support/tagged_logging.rb:69:in `block in tagged'
activesupport (5.0.2) lib/active_support/tagged_logging.rb:26:in `tagged'
activesupport (5.0.2) lib/active_support/tagged_logging.rb:69:in `tagged'
railties (5.0.2) lib/rails/rack/logger.rb:24:in `call'
actionpack (5.0.2) lib/action_dispatch/middleware/request_id.rb:24:in `call'
rack (2.0.1) lib/rack/runtime.rb:22:in `call'
activesupport (5.0.2) lib/active_support/cache/strategy/local_cache_middleware.rb:28:in `call'
actionpack (5.0.2) lib/action_dispatch/middleware/executor.rb:12:in `call'
actionpack (5.0.2) lib/action_dispatch/middleware/static.rb:136:in `call'
rack (2.0.1) lib/rack/sendfile.rb:111:in `call'
railties (5.0.2) lib/rails/engine.rb:522:in `call'
puma (3.8.2) lib/puma/configuration.rb:224:in `call'
puma (3.8.2) lib/puma/server.rb:600:in `handle_request'
puma (3.8.2) lib/puma/server.rb:435:in `process_client'
puma (3.8.2) lib/puma/server.rb:299:in `block in run'
puma (3.8.2) lib/puma/thread_pool.rb:120:in `block in spawn_thread'
Started GET "/v1/contacts" for ::1 at 2017-04-16 17:18:54 +0700
Processing by V1::ContactsController#index as HTML
  [1m[36mContact Load (0.4ms)[0m  [1m[34mSELECT "contacts".* FROM "contacts"[0m
Completed 200 OK in 6ms (Views: 1.4ms | ActiveRecord: 1.2ms)


Started GET "/favicon.ico" for ::1 at 2017-04-16 17:18:54 +0700
  
ActionController::RoutingError (No route matches [GET] "/favicon.ico"):
  
actionpack (5.0.2) lib/action_dispatch/middleware/debug_exceptions.rb:53:in `call'
actionpack (5.0.2) lib/action_dispatch/middleware/show_exceptions.rb:31:in `call'
railties (5.0.2) lib/rails/rack/logger.rb:36:in `call_app'
railties (5.0.2) lib/rails/rack/logger.rb:24:in `block in call'
activesupport (5.0.2) lib/active_support/tagged_logging.rb:69:in `block in tagged'
activesupport (5.0.2) lib/active_support/tagged_logging.rb:26:in `tagged'
activesupport (5.0.2) lib/active_support/tagged_logging.rb:69:in `tagged'
railties (5.0.2) lib/rails/rack/logger.rb:24:in `call'
actionpack (5.0.2) lib/action_dispatch/middleware/request_id.rb:24:in `call'
rack (2.0.1) lib/rack/runtime.rb:22:in `call'
activesupport (5.0.2) lib/active_support/cache/strategy/local_cache_middleware.rb:28:in `call'
actionpack (5.0.2) lib/action_dispatch/middleware/executor.rb:12:in `call'
actionpack (5.0.2) lib/action_dispatch/middleware/static.rb:136:in `call'
rack (2.0.1) lib/rack/sendfile.rb:111:in `call'
railties (5.0.2) lib/rails/engine.rb:522:in `call'
puma (3.8.2) lib/puma/configuration.rb:224:in `call'
puma (3.8.2) lib/puma/server.rb:600:in `handle_request'
puma (3.8.2) lib/puma/server.rb:435:in `process_client'
puma (3.8.2) lib/puma/server.rb:299:in `block in run'
puma (3.8.2) lib/puma/thread_pool.rb:120:in `block in spawn_thread'
Started GET "/v1/contacts" for 127.0.0.1 at 2017-04-16 17:24:40 +0700
Processing by V1::ContactsController#index as */*
  [1m[36mContact Load (0.4ms)[0m  [1m[34mSELECT "contacts".* FROM "contacts"[0m
Completed 200 OK in 7ms (Views: 1.4ms | ActiveRecord: 1.2ms)


Started POST "/v1/contact" for 127.0.0.1 at 2017-04-16 17:25:42 +0700
  
ActionController::RoutingError (No route matches [POST] "/v1/contact"):
  
actionpack (5.0.2) lib/action_dispatch/middleware/debug_exceptions.rb:53:in `call'
actionpack (5.0.2) lib/action_dispatch/middleware/show_exceptions.rb:31:in `call'
railties (5.0.2) lib/rails/rack/logger.rb:36:in `call_app'
railties (5.0.2) lib/rails/rack/logger.rb:24:in `block in call'
activesupport (5.0.2) lib/active_support/tagged_logging.rb:69:in `block in tagged'
activesupport (5.0.2) lib/active_support/tagged_logging.rb:26:in `tagged'
activesupport (5.0.2) lib/active_support/tagged_logging.rb:69:in `tagged'
railties (5.0.2) lib/rails/rack/logger.rb:24:in `call'
actionpack (5.0.2) lib/action_dispatch/middleware/request_id.rb:24:in `call'
rack (2.0.1) lib/rack/runtime.rb:22:in `call'
activesupport (5.0.2) lib/active_support/cache/strategy/local_cache_middleware.rb:28:in `call'
actionpack (5.0.2) lib/action_dispatch/middleware/executor.rb:12:in `call'
actionpack (5.0.2) lib/action_dispatch/middleware/static.rb:136:in `call'
rack (2.0.1) lib/rack/sendfile.rb:111:in `call'
railties (5.0.2) lib/rails/engine.rb:522:in `call'
puma (3.8.2) lib/puma/configuration.rb:224:in `call'
puma (3.8.2) lib/puma/server.rb:600:in `handle_request'
puma (3.8.2) lib/puma/server.rb:435:in `process_client'
puma (3.8.2) lib/puma/server.rb:299:in `block in run'
puma (3.8.2) lib/puma/thread_pool.rb:120:in `block in spawn_thread'
Started POST "/v1/contact" for 127.0.0.1 at 2017-04-16 17:25:53 +0700
  [1m[36mActiveRecord::SchemaMigration Load (0.7ms)[0m  [1m[34mSELECT "schema_migrations".* FROM "schema_migrations"[0m
  
ActionController::RoutingError (No route matches [POST] "/v1/contact"):
  
actionpack (5.0.2) lib/action_dispatch/middleware/debug_exceptions.rb:53:in `call'
actionpack (5.0.2) lib/action_dispatch/middleware/show_exceptions.rb:31:in `call'
railties (5.0.2) lib/rails/rack/logger.rb:36:in `call_app'
railties (5.0.2) lib/rails/rack/logger.rb:24:in `block in call'
activesupport (5.0.2) lib/active_support/tagged_logging.rb:69:in `block in tagged'
activesupport (5.0.2) lib/active_support/tagged_logging.rb:26:in `tagged'
activesupport (5.0.2) lib/active_support/tagged_logging.rb:69:in `tagged'
railties (5.0.2) lib/rails/rack/logger.rb:24:in `call'
actionpack (5.0.2) lib/action_dispatch/middleware/request_id.rb:24:in `call'
rack (2.0.1) lib/rack/runtime.rb:22:in `call'
activesupport (5.0.2) lib/active_support/cache/strategy/local_cache_middleware.rb:28:in `call'
actionpack (5.0.2) lib/action_dispatch/middleware/executor.rb:12:in `call'
actionpack (5.0.2) lib/action_dispatch/middleware/static.rb:136:in `call'
rack (2.0.1) lib/rack/sendfile.rb:111:in `call'
railties (5.0.2) lib/rails/engine.rb:522:in `call'
puma (3.8.2) lib/puma/configuration.rb:224:in `call'
puma (3.8.2) lib/puma/server.rb:600:in `handle_request'
puma (3.8.2) lib/puma/server.rb:435:in `process_client'
puma (3.8.2) lib/puma/server.rb:299:in `block in run'
puma (3.8.2) lib/puma/thread_pool.rb:120:in `block in spawn_thread'
Started POST "/v1/contacts" for 127.0.0.1 at 2017-04-16 17:26:13 +0700
Processing by V1::ContactsController#create as */*
  Parameters: {"first_name"=>"tophy", "last_name"=>"mastery", "email"=>"tophy1@gmail.com", "contact"=>{"first_name"=>"tophy", "last_name"=>"mastery", "email"=>"tophy1@gmail.com"}}
Completed 500 Internal Server Error in 10ms (ActiveRecord: 5.2ms)


  
NoMethodError (undefined method `render' for nil:NilClass):
  
app/controllers/v1/contacts_controller.rb:11:in `create'
Started POST "/v1/contacts" for 127.0.0.1 at 2017-04-16 17:26:46 +0700
Processing by V1::ContactsController#create as */*
  Parameters: {"first_name"=>"tophy", "last_name"=>"mastery", "email"=>"tophy1@gmail.com", "contact"=>{"first_name"=>"tophy", "last_name"=>"mastery", "email"=>"tophy1@gmail.com"}}
Completed 500 Internal Server Error in 8ms (ActiveRecord: 3.2ms)


  
NoMethodError (undefined method `render' for nil:NilClass):
  
app/controllers/v1/contacts_controller.rb:11:in `create'
Started POST "/v1/contacts" for 127.0.0.1 at 2017-04-16 17:26:59 +0700
Processing by V1::ContactsController#create as */*
  Parameters: {"first_name"=>"tophy", "last_name"=>"mastery", "email"=>"tophy1@gmail.com", "contact"=>{"first_name"=>"tophy", "last_name"=>"mastery", "email"=>"tophy1@gmail.com"}}
Completed 500 Internal Server Error in 2ms (ActiveRecord: 0.0ms)


  
NoMethodError (undefined method `render' for nil:NilClass):
  
app/controllers/v1/contacts_controller.rb:11:in `create'
Started POST "/v1/contacts" for 127.0.0.1 at 2017-04-16 17:27:14 +0700
Processing by V1::ContactsController#create as */*
  Parameters: {"first_name"=>"tophy", "last_name"=>"mastery", "email"=>"tophy1@gmail.com", "contact"=>{"first_name"=>"tophy", "last_name"=>"mastery", "email"=>"tophy1@gmail.com"}}
Completed 500 Internal Server Error in 15ms (ActiveRecord: 2.2ms)


  
NoMethodError (undefined method `save' for nil:NilClass):
  
app/controllers/v1/contacts_controller.rb:11:in `create'
Started POST "/v1/contacts" for 127.0.0.1 at 2017-04-16 17:27:23 +0700
Processing by V1::ContactsController#create as */*
  Parameters: {"first_name"=>"tophy", "last_name"=>"mastery", "email"=>"tophy1@gmail.com", "contact"=>{"first_name"=>"tophy", "last_name"=>"mastery", "email"=>"tophy1@gmail.com"}}
  [1m[35m (0.1ms)[0m  [1m[35mBEGIN[0m
  [1m[35mSQL (1.0ms)[0m  [1m[32mINSERT INTO "contacts" ("first_name", "last_name", "email", "created_at", "updated_at") VALUES ($1, $2, $3, $4, $5) RETURNING "id"[0m  [["first_name", "tophy"], ["last_name", "mastery"], ["email", "tophy1@gmail.com"], ["created_at", 2017-04-16 10:27:23 UTC], ["updated_at", 2017-04-16 10:27:23 UTC]]
  [1m[35m (0.7ms)[0m  [1m[35mCOMMIT[0m
Completed 201 Created in 11ms (Views: 0.8ms | ActiveRecord: 1.8ms)


Started POST "/v1/contacts" for 127.0.0.1 at 2017-04-16 17:27:33 +0700
Processing by V1::ContactsController#create as */*
  Parameters: {"first_name"=>"tophy2", "last_name"=>"mastery2", "email"=>"tophy2@gmail.com", "contact"=>{"first_name"=>"tophy2", "last_name"=>"mastery2", "email"=>"tophy2@gmail.com"}}
  [1m[35m (0.1ms)[0m  [1m[35mBEGIN[0m
  [1m[35mSQL (0.6ms)[0m  [1m[32mINSERT INTO "contacts" ("first_name", "last_name", "email", "created_at", "updated_at") VALUES ($1, $2, $3, $4, $5) RETURNING "id"[0m  [["first_name", "tophy2"], ["last_name", "mastery2"], ["email", "tophy2@gmail.com"], ["created_at", 2017-04-16 10:27:33 UTC], ["updated_at", 2017-04-16 10:27:33 UTC]]
  [1m[35m (0.4ms)[0m  [1m[35mCOMMIT[0m
Completed 201 Created in 4ms (Views: 0.4ms | ActiveRecord: 1.1ms)


Started POST "/v1/contacts" for 127.0.0.1 at 2017-04-16 17:27:58 +0700
Processing by V1::ContactsController#create as */*
  Parameters: {"first_name"=>"tophy3", "last_name"=>"mastery3", "email"=>"tophy3@gmail.com", "contact"=>{"first_name"=>"tophy3", "last_name"=>"mastery3", "email"=>"tophy3@gmail.com"}}
  [1m[35m (0.1ms)[0m  [1m[35mBEGIN[0m
  [1m[35mSQL (0.3ms)[0m  [1m[32mINSERT INTO "contacts" ("first_name", "last_name", "email", "created_at", "updated_at") VALUES ($1, $2, $3, $4, $5) RETURNING "id"[0m  [["first_name", "tophy3"], ["last_name", "mastery3"], ["email", "tophy3@gmail.com"], ["created_at", 2017-04-16 10:27:58 UTC], ["updated_at", 2017-04-16 10:27:58 UTC]]
  [1m[35m (1.1ms)[0m  [1m[35mCOMMIT[0m
Completed 201 Created in 5ms (Views: 0.5ms | ActiveRecord: 1.6ms)


Started POST "/v1/contacts" for 127.0.0.1 at 2017-04-16 17:28:06 +0700
Processing by V1::ContactsController#create as */*
  Parameters: {"first_name"=>"tophy4", "last_name"=>"mastery4", "email"=>"tophy4@gmail.com", "contact"=>{"first_name"=>"tophy4", "last_name"=>"mastery4", "email"=>"tophy4@gmail.com"}}
  [1m[35m (0.2ms)[0m  [1m[35mBEGIN[0m
  [1m[35mSQL (0.3ms)[0m  [1m[32mINSERT INTO "contacts" ("first_name", "last_name", "email", "created_at", "updated_at") VALUES ($1, $2, $3, $4, $5) RETURNING "id"[0m  [["first_name", "tophy4"], ["last_name", "mastery4"], ["email", "tophy4@gmail.com"], ["created_at", 2017-04-16 10:28:06 UTC], ["updated_at", 2017-04-16 10:28:06 UTC]]
  [1m[35m (1.2ms)[0m  [1m[35mCOMMIT[0m
Completed 201 Created in 4ms (Views: 0.4ms | ActiveRecord: 1.6ms)


Started GET "/v1/contacts" for 127.0.0.1 at 2017-04-16 17:28:25 +0700
Processing by V1::ContactsController#index as */*
  Parameters: {"contact"=>{}}
  [1m[36mContact Load (0.4ms)[0m  [1m[34mSELECT "contacts".* FROM "contacts"[0m
Completed 200 OK in 3ms (Views: 1.8ms | ActiveRecord: 0.4ms)


Started DELETE "/v1/contacts" for 127.0.0.1 at 2017-04-16 17:28:57 +0700
  
ActionController::RoutingError (No route matches [DELETE] "/v1/contacts"):
  
actionpack (5.0.2) lib/action_dispatch/middleware/debug_exceptions.rb:53:in `call'
actionpack (5.0.2) lib/action_dispatch/middleware/show_exceptions.rb:31:in `call'
railties (5.0.2) lib/rails/rack/logger.rb:36:in `call_app'
railties (5.0.2) lib/rails/rack/logger.rb:24:in `block in call'
activesupport (5.0.2) lib/active_support/tagged_logging.rb:69:in `block in tagged'
activesupport (5.0.2) lib/active_support/tagged_logging.rb:26:in `tagged'
activesupport (5.0.2) lib/active_support/tagged_logging.rb:69:in `tagged'
railties (5.0.2) lib/rails/rack/logger.rb:24:in `call'
actionpack (5.0.2) lib/action_dispatch/middleware/request_id.rb:24:in `call'
rack (2.0.1) lib/rack/runtime.rb:22:in `call'
activesupport (5.0.2) lib/active_support/cache/strategy/local_cache_middleware.rb:28:in `call'
actionpack (5.0.2) lib/action_dispatch/middleware/executor.rb:12:in `call'
actionpack (5.0.2) lib/action_dispatch/middleware/static.rb:136:in `call'
rack (2.0.1) lib/rack/sendfile.rb:111:in `call'
railties (5.0.2) lib/rails/engine.rb:522:in `call'
puma (3.8.2) lib/puma/configuration.rb:224:in `call'
puma (3.8.2) lib/puma/server.rb:600:in `handle_request'
puma (3.8.2) lib/puma/server.rb:435:in `process_client'
puma (3.8.2) lib/puma/server.rb:299:in `block in run'
puma (3.8.2) lib/puma/thread_pool.rb:120:in `block in spawn_thread'
Started DELETE "/v1/contacts/1" for 127.0.0.1 at 2017-04-16 17:29:24 +0700
Processing by V1::ContactsController#destroy as */*
  Parameters: {"id"=>"1", "contact"=>{}}
  [1m[36mContact Load (0.4ms)[0m  [1m[34mSELECT  "contacts".* FROM "contacts" WHERE "contacts"."id" = $1 ORDER BY "contacts"."id" ASC LIMIT $2[0m  [["id", 1], ["LIMIT", 1]]
  [1m[35m (0.1ms)[0m  [1m[35mBEGIN[0m
  [1m[35mSQL (0.3ms)[0m  [1m[31mDELETE FROM "contacts" WHERE "contacts"."id" = $1[0m  [["id", 1]]
  [1m[35m (1.3ms)[0m  [1m[35mCOMMIT[0m
Completed 200 OK in 5ms (ActiveRecord: 2.1ms)


Started GET "/v1/contacts" for 127.0.0.1 at 2017-04-16 17:29:31 +0700
Processing by V1::ContactsController#index as */*
  Parameters: {"contact"=>{}}
  [1m[36mContact Load (0.3ms)[0m  [1m[34mSELECT "contacts".* FROM "contacts"[0m
Completed 200 OK in 2ms (Views: 1.7ms | ActiveRecord: 0.3ms)


